<?xml version="1.0" encoding="UTF-8"?>
<!-- Generated by org.testng.reporters.JUnitXMLReporter -->
<testsuite hostname="LMC-LT-069" ignored="14" name="Test_All" tests="10" failures="1" timestamp="2022-10-12T14:41:07 IST" time="312.175" errors="0">
  <testcase name="loginTest" time="13.25" classname="com.mystore.testcases.LoginPageTest"/>
  <testcase name="endToEndTest" time="80.87" classname="com.mystore.testcases.EndToEndTest">
    <failure type="java.lang.Exception" message="Test failed as could not find the element:  [[ChromeDriver: chrome on WINDOWS (dcf71e4b14f1ae3e4359a1c63a340250)] -&amp;gt; id: cgv]">
      <![CDATA[java.lang.Exception: Test failed as could not find the element:  [[ChromeDriver: chrome on WINDOWS (dcf71e4b14f1ae3e4359a1c63a340250)] -> id: cgv]
at com.mystore.actiondriver.Action.click(Action.java:53)
at com.mystore.pageobjects.ShippingPage.checkTheTerms(ShippingPage.java:31)
at com.mystore.testcases.EndToEndTest.endToEndTest(EndToEndTest.java:66)
at java.util.ArrayList.forEach(ArrayList.java:1259)
... Removed 27 stack frames]]>
    </failure>
  </testcase> <!-- endToEndTest -->
  <testcase name="verifyCreateAccountPageTest" time="13.363" classname="com.mystore.testcases.AccountCreationPageTest"/>
  <testcase name="verifyLogo" time="0.754" classname="com.mystore.testcases.IndexPageTest"/>
  <testcase name="verifyTitle" time="0.009" classname="com.mystore.testcases.IndexPageTest"/>
  <testcase name="productAvailabilityTest" time="18.397" classname="com.mystore.testcases.SearchResultPageTest"/>
  <testcase name="orderHistoryandDetailsTest" time="12.514" classname="com.mystore.testcases.HomePageTest"/>
  <testcase name="wishListTest" time="13.329" classname="com.mystore.testcases.HomePageTest"/>
  <testcase name="verifyTotalPrice" time="24.829" classname="com.mystore.testcases.OrderPageTest"/>
  <testcase name="addToCartTest" time="22.606" classname="com.mystore.testcases.AddToCartPageTest"/>
  <testcase name="@BeforeSuite loadConfig" time="0.0" classname="com.mystore.base.BaseClass">
    <ignored/>
  </testcase> <!-- @BeforeSuite loadConfig -->
  <testcase name="@BeforeSuite loadConfig" time="0.0" classname="com.mystore.base.BaseClass">
    <ignored/>
  </testcase> <!-- @BeforeSuite loadConfig -->
  <testcase name="@BeforeSuite loadConfig" time="0.0" classname="com.mystore.base.BaseClass">
    <ignored/>
  </testcase> <!-- @BeforeSuite loadConfig -->
  <testcase name="@BeforeSuite loadConfig" time="0.0" classname="com.mystore.base.BaseClass">
    <ignored/>
  </testcase> <!-- @BeforeSuite loadConfig -->
  <testcase name="@BeforeSuite loadConfig" time="0.0" classname="com.mystore.base.BaseClass">
    <ignored/>
  </testcase> <!-- @BeforeSuite loadConfig -->
  <testcase name="@BeforeSuite loadConfig" time="0.0" classname="com.mystore.base.BaseClass">
    <ignored/>
  </testcase> <!-- @BeforeSuite loadConfig -->
  <testcase name="@BeforeSuite loadConfig" time="0.0" classname="com.mystore.base.BaseClass">
    <ignored/>
  </testcase> <!-- @BeforeSuite loadConfig -->
  <testcase name="@AfterSuite afterSuite" time="0.0" classname="com.mystore.base.BaseClass">
    <ignored/>
  </testcase> <!-- @AfterSuite afterSuite -->
  <testcase name="@AfterSuite afterSuite" time="0.0" classname="com.mystore.base.BaseClass">
    <ignored/>
  </testcase> <!-- @AfterSuite afterSuite -->
  <testcase name="@AfterSuite afterSuite" time="0.0" classname="com.mystore.base.BaseClass">
    <ignored/>
  </testcase> <!-- @AfterSuite afterSuite -->
  <testcase name="@AfterSuite afterSuite" time="0.0" classname="com.mystore.base.BaseClass">
    <ignored/>
  </testcase> <!-- @AfterSuite afterSuite -->
  <testcase name="@AfterSuite afterSuite" time="0.0" classname="com.mystore.base.BaseClass">
    <ignored/>
  </testcase> <!-- @AfterSuite afterSuite -->
  <testcase name="@AfterSuite afterSuite" time="0.0" classname="com.mystore.base.BaseClass">
    <ignored/>
  </testcase> <!-- @AfterSuite afterSuite -->
  <testcase name="@AfterSuite afterSuite" time="0.0" classname="com.mystore.base.BaseClass">
    <ignored/>
  </testcase> <!-- @AfterSuite afterSuite -->
</testsuite> <!-- Test_All -->
